<?xml version="1.0" encoding="UTF-8"?>
<coverage generated="1582973906983" clover="3.2.0">
  <project timestamp="1582973906983" name="All files">
    <metrics statements="25" coveredstatements="23" conditionals="12" coveredconditionals="12" methods="14" coveredmethods="12" elements="51" coveredelements="47" complexity="0" loc="25" ncloc="25" packages="2" files="4" classes="4"/>
    <package name="movie-item">
      <metrics statements="9" coveredstatements="7" conditionals="0" coveredconditionals="0" methods="4" coveredmethods="2"/>
      <file name="MovieItem.tsx" path="/Users/hmaxim/Desktop/learning/epam_react/movie-app/src/shared-components/movie-item/MovieItem.tsx">
        <metrics statements="7" coveredstatements="5" conditionals="0" coveredconditionals="0" methods="4" coveredmethods="2"/>
        <line num="6" count="1" type="stmt"/>
        <line num="7" count="1" type="stmt"/>
        <line num="8" count="0" type="stmt"/>
        <line num="11" count="1" type="stmt"/>
        <line num="12" count="0" type="stmt"/>
        <line num="20" count="1" type="stmt"/>
        <line num="29" count="1" type="stmt"/>
      </file>
      <file name="MovieItemWrapper.tsx" path="/Users/hmaxim/Desktop/learning/epam_react/movie-app/src/shared-components/movie-item/MovieItemWrapper.tsx">
        <metrics statements="2" coveredstatements="2" conditionals="0" coveredconditionals="0" methods="0" coveredmethods="0"/>
        <line num="3" count="1" type="stmt"/>
        <line num="29" count="1" type="stmt"/>
      </file>
    </package>
    <package name="switchers-buttons">
      <metrics statements="16" coveredstatements="16" conditionals="12" coveredconditionals="12" methods="10" coveredmethods="10"/>
      <file name="SwitchersButtonWrapper.tsx" path="/Users/hmaxim/Desktop/learning/epam_react/movie-app/src/shared-components/switchers-buttons/SwitchersButtonWrapper.tsx">
        <metrics statements="6" coveredstatements="6" conditionals="10" coveredconditionals="10" methods="5" coveredmethods="5"/>
        <line num="9" count="1" type="stmt"/>
        <line num="11" count="4" type="cond" truecount="2" falsecount="0"/>
        <line num="14" count="4" type="cond" truecount="2" falsecount="0"/>
        <line num="16" count="4" type="cond" truecount="2" falsecount="0"/>
        <line num="18" count="4" type="cond" truecount="2" falsecount="0"/>
        <line num="20" count="4" type="cond" truecount="2" falsecount="0"/>
      </file>
      <file name="SwitchersButtons.tsx" path="/Users/hmaxim/Desktop/learning/epam_react/movie-app/src/shared-components/switchers-buttons/SwitchersButtons.tsx">
        <metrics statements="10" coveredstatements="10" conditionals="2" coveredconditionals="2" methods="5" coveredmethods="5"/>
        <line num="4" count="1" type="stmt"/>
        <line num="5" count="2" type="stmt"/>
        <line num="7" count="2" type="stmt"/>
        <line num="9" count="1" type="stmt"/>
        <line num="10" count="2" type="cond" truecount="2" falsecount="0"/>
        <line num="11" count="2" type="stmt"/>
        <line num="13" count="1" type="stmt"/>
        <line num="18" count="2" type="stmt"/>
        <line num="22" count="4" type="stmt"/>
        <line num="24" count="1" type="stmt"/>
      </file>
    </package>
  </project>
</coverage>
