{"/Users/hmaxim/Desktop/learning/epam_react/movie-app/src/shared-components/movie-item/MovieItem.tsx": {"path":"/Users/hmaxim/Desktop/learning/epam_react/movie-app/src/shared-components/movie-item/MovieItem.tsx","statementMap":{"0":{"start":{"line":6,"column":18},"end":{"line":27,"column":1}},"1":{"start":{"line":7,"column":19},"end":{"line":9,"column":8}},"2":{"start":{"line":8,"column":4},"end":{"line":8,"column":59}},"3":{"start":{"line":11,"column":2},"end":{"line":26,"column":4}},"4":{"start":{"line":12,"column":37},"end":{"line":12,"column":45}},"5":{"start":{"line":20,"column":12},"end":{"line":20,"column":44}},"6":{"start":{"line":29,"column":0},"end":{"line":29,"column":36}}},"fnMap":{"0":{"name":"(anonymous_0)","decl":{"start":{"line":6,"column":18},"end":{"line":6,"column":19}},"loc":{"start":{"line":6,"column":37},"end":{"line":27,"column":1}},"line":6},"1":{"name":"(anonymous_1)","decl":{"start":{"line":7,"column":31},"end":{"line":7,"column":32}},"loc":{"start":{"line":7,"column":37},"end":{"line":9,"column":3}},"line":7},"2":{"name":"(anonymous_2)","decl":{"start":{"line":12,"column":31},"end":{"line":12,"column":32}},"loc":{"start":{"line":12,"column":37},"end":{"line":12,"column":45}},"line":12},"3":{"name":"(anonymous_3)","decl":{"start":{"line":19,"column":28},"end":{"line":19,"column":29}},"loc":{"start":{"line":20,"column":12},"end":{"line":20,"column":44}},"line":20}},"branchMap":{},"s":{"0":1,"1":1,"2":0,"3":1,"4":0,"5":1,"6":1},"f":{"0":1,"1":0,"2":0,"3":1},"b":{},"_coverageSchema":"1a1c01bbd47fc00a2c39e90264f33305004495a9","hash":"cb9aeb1f09f0c2d48fc506713f336268ed9b31ba"}
,"/Users/hmaxim/Desktop/learning/epam_react/movie-app/src/shared-components/movie-item/MovieItemWrapper.tsx": {"path":"/Users/hmaxim/Desktop/learning/epam_react/movie-app/src/shared-components/movie-item/MovieItemWrapper.tsx","statementMap":{"0":{"start":{"line":3,"column":25},"end":{"line":27,"column":1}},"1":{"start":{"line":29,"column":0},"end":{"line":29,"column":50}}},"fnMap":{},"branchMap":{},"s":{"0":1,"1":1},"f":{},"b":{},"_coverageSchema":"1a1c01bbd47fc00a2c39e90264f33305004495a9","hash":"ab207d37323a999387617958787814b71a6cf640"}
,"/Users/hmaxim/Desktop/learning/epam_react/movie-app/src/shared-components/switchers-buttons/SwitchersButtonWrapper.tsx": {"path":"/Users/hmaxim/Desktop/learning/epam_react/movie-app/src/shared-components/switchers-buttons/SwitchersButtonWrapper.tsx","statementMap":{"0":{"start":{"line":9,"column":30},"end":{"line":26,"column":1}},"1":{"start":{"line":11,"column":4},"end":{"line":11,"column":54}},"2":{"start":{"line":14,"column":4},"end":{"line":14,"column":38}},"3":{"start":{"line":16,"column":4},"end":{"line":16,"column":38}},"4":{"start":{"line":18,"column":4},"end":{"line":18,"column":37}},"5":{"start":{"line":20,"column":4},"end":{"line":20,"column":37}}},"fnMap":{"0":{"name":"(anonymous_0)","decl":{"start":{"line":10,"column":16},"end":{"line":10,"column":17}},"loc":{"start":{"line":11,"column":4},"end":{"line":11,"column":54}},"line":11},"1":{"name":"(anonymous_1)","decl":{"start":{"line":13,"column":28},"end":{"line":13,"column":29}},"loc":{"start":{"line":14,"column":4},"end":{"line":14,"column":38}},"line":14},"2":{"name":"(anonymous_2)","decl":{"start":{"line":15,"column":31},"end":{"line":15,"column":32}},"loc":{"start":{"line":16,"column":4},"end":{"line":16,"column":38}},"line":16},"3":{"name":"(anonymous_3)","decl":{"start":{"line":17,"column":32},"end":{"line":17,"column":33}},"loc":{"start":{"line":18,"column":4},"end":{"line":18,"column":37}},"line":18},"4":{"name":"(anonymous_4)","decl":{"start":{"line":19,"column":29},"end":{"line":19,"column":30}},"loc":{"start":{"line":20,"column":4},"end":{"line":20,"column":37}},"line":20}},"branchMap":{"0":{"loc":{"start":{"line":11,"column":4},"end":{"line":11,"column":54}},"type":"cond-expr","locations":[{"start":{"line":11,"column":19},"end":{"line":11,"column":28}},{"start":{"line":11,"column":31},"end":{"line":11,"column":54}}],"line":11},"1":{"loc":{"start":{"line":14,"column":4},"end":{"line":14,"column":38}},"type":"cond-expr","locations":[{"start":{"line":14,"column":25},"end":{"line":14,"column":30}},{"start":{"line":14,"column":33},"end":{"line":14,"column":38}}],"line":14},"2":{"loc":{"start":{"line":16,"column":4},"end":{"line":16,"column":38}},"type":"cond-expr","locations":[{"start":{"line":16,"column":25},"end":{"line":16,"column":30}},{"start":{"line":16,"column":33},"end":{"line":16,"column":38}}],"line":16},"3":{"loc":{"start":{"line":18,"column":4},"end":{"line":18,"column":37}},"type":"cond-expr","locations":[{"start":{"line":18,"column":24},"end":{"line":18,"column":29}},{"start":{"line":18,"column":32},"end":{"line":18,"column":37}}],"line":18},"4":{"loc":{"start":{"line":20,"column":4},"end":{"line":20,"column":37}},"type":"cond-expr","locations":[{"start":{"line":20,"column":24},"end":{"line":20,"column":29}},{"start":{"line":20,"column":32},"end":{"line":20,"column":37}}],"line":20}},"s":{"0":1,"1":4,"2":4,"3":4,"4":4,"5":4},"f":{"0":4,"1":4,"2":4,"3":4,"4":4},"b":{"0":[2,2],"1":[2,2],"2":[2,2],"3":[2,2],"4":[2,2]},"_coverageSchema":"1a1c01bbd47fc00a2c39e90264f33305004495a9","hash":"1edc7ff311223acc710f0bfea01bde6f6deb0fa4"}
,"/Users/hmaxim/Desktop/learning/epam_react/movie-app/src/shared-components/switchers-buttons/SwitchersButtons.tsx": {"path":"/Users/hmaxim/Desktop/learning/epam_react/movie-app/src/shared-components/switchers-buttons/SwitchersButtons.tsx","statementMap":{"0":{"start":{"line":4,"column":25},"end":{"line":37,"column":1}},"1":{"start":{"line":5,"column":41},"end":{"line":5,"column":76}},"2":{"start":{"line":7,"column":25},"end":{"line":16,"column":3}},"3":{"start":{"line":9,"column":18},"end":{"line":12,"column":8}},"4":{"start":{"line":10,"column":8},"end":{"line":10,"column":67}},"5":{"start":{"line":11,"column":8},"end":{"line":11,"column":20}},"6":{"start":{"line":13,"column":6},"end":{"line":13,"column":31}},"7":{"start":{"line":18,"column":2},"end":{"line":36,"column":4}},"8":{"start":{"line":22,"column":8},"end":{"line":33,"column":10}},"9":{"start":{"line":24,"column":27},"end":{"line":24,"column":48}}},"fnMap":{"0":{"name":"(anonymous_0)","decl":{"start":{"line":4,"column":25},"end":{"line":4,"column":26}},"loc":{"start":{"line":4,"column":41},"end":{"line":37,"column":1}},"line":4},"1":{"name":"(anonymous_1)","decl":{"start":{"line":8,"column":4},"end":{"line":8,"column":5}},"loc":{"start":{"line":8,"column":23},"end":{"line":14,"column":5}},"line":8},"2":{"name":"(anonymous_2)","decl":{"start":{"line":9,"column":30},"end":{"line":9,"column":31}},"loc":{"start":{"line":9,"column":56},"end":{"line":12,"column":7}},"line":9},"3":{"name":"(anonymous_3)","decl":{"start":{"line":21,"column":19},"end":{"line":21,"column":20}},"loc":{"start":{"line":21,"column":51},"end":{"line":34,"column":7}},"line":21},"4":{"name":"(anonymous_4)","decl":{"start":{"line":24,"column":21},"end":{"line":24,"column":22}},"loc":{"start":{"line":24,"column":27},"end":{"line":24,"column":48}},"line":24}},"branchMap":{"0":{"loc":{"start":{"line":10,"column":8},"end":{"line":10,"column":66}},"type":"cond-expr","locations":[{"start":{"line":10,"column":23},"end":{"line":10,"column":41}},{"start":{"line":10,"column":46},"end":{"line":10,"column":65}}],"line":10}},"s":{"0":1,"1":2,"2":2,"3":1,"4":2,"5":2,"6":1,"7":2,"8":4,"9":1},"f":{"0":2,"1":1,"2":2,"3":4,"4":1},"b":{"0":[1,1]},"_coverageSchema":"1a1c01bbd47fc00a2c39e90264f33305004495a9","hash":"a3bd20a0eb73ebe46f4f4f695b3a50e140913f44"}
}
