TN:
SF:src/shared-components/movie-item/MovieItem.tsx
FN:6,(anonymous_0)
FN:7,(anonymous_1)
FN:12,(anonymous_2)
FN:19,(anonymous_3)
FNF:4
FNH:2
FNDA:1,(anonymous_0)
FNDA:0,(anonymous_1)
FNDA:0,(anonymous_2)
FNDA:1,(anonymous_3)
DA:6,1
DA:7,1
DA:8,0
DA:11,1
DA:12,0
DA:20,1
DA:29,1
LF:7
LH:5
BRF:0
BRH:0
end_of_record
TN:
SF:src/shared-components/movie-item/MovieItemWrapper.tsx
FNF:0
FNH:0
DA:3,1
DA:29,1
LF:2
LH:2
BRF:0
BRH:0
end_of_record
TN:
SF:src/shared-components/switchers-buttons/SwitchersButtonWrapper.tsx
FN:10,(anonymous_0)
FN:13,(anonymous_1)
FN:15,(anonymous_2)
FN:17,(anonymous_3)
FN:19,(anonymous_4)
FNF:5
FNH:5
FNDA:4,(anonymous_0)
FNDA:4,(anonymous_1)
FNDA:4,(anonymous_2)
FNDA:4,(anonymous_3)
FNDA:4,(anonymous_4)
DA:9,1
DA:11,4
DA:14,4
DA:16,4
DA:18,4
DA:20,4
LF:6
LH:6
BRDA:11,0,0,2
BRDA:11,0,1,2
BRDA:14,1,0,2
BRDA:14,1,1,2
BRDA:16,2,0,2
BRDA:16,2,1,2
BRDA:18,3,0,2
BRDA:18,3,1,2
BRDA:20,4,0,2
BRDA:20,4,1,2
BRF:10
BRH:10
end_of_record
TN:
SF:src/shared-components/switchers-buttons/SwitchersButtons.tsx
FN:4,(anonymous_0)
FN:8,(anonymous_1)
FN:9,(anonymous_2)
FN:21,(anonymous_3)
FN:24,(anonymous_4)
FNF:5
FNH:5
FNDA:2,(anonymous_0)
FNDA:1,(anonymous_1)
FNDA:2,(anonymous_2)
FNDA:4,(anonymous_3)
FNDA:1,(anonymous_4)
DA:4,1
DA:5,2
DA:7,2
DA:9,1
DA:10,2
DA:11,2
DA:13,1
DA:18,2
DA:22,4
DA:24,1
LF:10
LH:10
BRDA:10,0,0,1
BRDA:10,0,1,1
BRF:2
BRH:2
end_of_record
